0 info it worked if it ends with ok
1 verbose cli [ 'node',
1 verbose cli   '/usr/local/bin/npm',
1 verbose cli   'install',
1 verbose cli   'express',
1 verbose cli   'method-override',
1 verbose cli   'request',
1 verbose cli   'lodash',
1 verbose cli   '--save' ]
2 info using npm@1.4.28
3 info using node@v0.10.32
4 verbose readDependencies using package.json deps
5 verbose cache add [ 'express', null ]
6 verbose cache add name=undefined spec="express" args=["express",null]
7 verbose parsed url { protocol: null,
7 verbose parsed url   slashes: null,
7 verbose parsed url   auth: null,
7 verbose parsed url   host: null,
7 verbose parsed url   port: null,
7 verbose parsed url   hostname: null,
7 verbose parsed url   hash: null,
7 verbose parsed url   search: null,
7 verbose parsed url   query: null,
7 verbose parsed url   pathname: 'express',
7 verbose parsed url   path: 'express',
7 verbose parsed url   href: 'express' }
8 verbose cache add [ 'method-override', null ]
9 verbose cache add name=undefined spec="method-override" args=["method-override",null]
10 verbose parsed url { protocol: null,
10 verbose parsed url   slashes: null,
10 verbose parsed url   auth: null,
10 verbose parsed url   host: null,
10 verbose parsed url   port: null,
10 verbose parsed url   hostname: null,
10 verbose parsed url   hash: null,
10 verbose parsed url   search: null,
10 verbose parsed url   query: null,
10 verbose parsed url   pathname: 'method-override',
10 verbose parsed url   path: 'method-override',
10 verbose parsed url   href: 'method-override' }
11 verbose cache add [ 'request', null ]
12 verbose cache add name=undefined spec="request" args=["request",null]
13 verbose parsed url { protocol: null,
13 verbose parsed url   slashes: null,
13 verbose parsed url   auth: null,
13 verbose parsed url   host: null,
13 verbose parsed url   port: null,
13 verbose parsed url   hostname: null,
13 verbose parsed url   hash: null,
13 verbose parsed url   search: null,
13 verbose parsed url   query: null,
13 verbose parsed url   pathname: 'request',
13 verbose parsed url   path: 'request',
13 verbose parsed url   href: 'request' }
14 verbose cache add [ 'lodash', null ]
15 verbose cache add name=undefined spec="lodash" args=["lodash",null]
16 verbose parsed url { protocol: null,
16 verbose parsed url   slashes: null,
16 verbose parsed url   auth: null,
16 verbose parsed url   host: null,
16 verbose parsed url   port: null,
16 verbose parsed url   hostname: null,
16 verbose parsed url   hash: null,
16 verbose parsed url   search: null,
16 verbose parsed url   query: null,
16 verbose parsed url   pathname: 'lodash',
16 verbose parsed url   path: 'lodash',
16 verbose parsed url   href: 'lodash' }
17 silly lockFile f3c62de4-express express
18 verbose lock express /Users/juliolson/.npm/f3c62de4-express.lock
19 silly lockFile 0b00fa9d-method-override method-override
20 verbose lock method-override /Users/juliolson/.npm/0b00fa9d-method-override.lock
21 silly lockFile 088e29b0-request request
22 verbose lock request /Users/juliolson/.npm/088e29b0-request.lock
23 silly lockFile 901466a5-lodash lodash
24 verbose lock lodash /Users/juliolson/.npm/901466a5-lodash.lock
25 silly lockFile f3c62de4-express express
26 silly lockFile f3c62de4-express express
27 silly lockFile 0b00fa9d-method-override method-override
28 silly lockFile 0b00fa9d-method-override method-override
29 silly lockFile 088e29b0-request request
30 silly lockFile 088e29b0-request request
31 silly lockFile 901466a5-lodash lodash
32 silly lockFile 901466a5-lodash lodash
33 verbose addNamed [ 'express', '' ]
34 verbose addNamed [ null, '*' ]
35 silly lockFile 64a534c1-express express@
36 verbose lock express@ /Users/juliolson/.npm/64a534c1-express.lock
37 verbose addNamed [ 'method-override', '' ]
38 verbose addNamed [ null, '*' ]
39 silly lockFile dd70539b-method-override method-override@
40 verbose lock method-override@ /Users/juliolson/.npm/dd70539b-method-override.lock
41 verbose addNamed [ 'request', '' ]
42 verbose addNamed [ null, '*' ]
43 silly lockFile 9d461bcf-request request@
44 verbose lock request@ /Users/juliolson/.npm/9d461bcf-request.lock
45 verbose addNamed [ 'lodash', '' ]
46 verbose addNamed [ null, '*' ]
47 silly lockFile f856e425-lodash lodash@
48 verbose lock lodash@ /Users/juliolson/.npm/f856e425-lodash.lock
49 silly addNameRange { name: 'express', range: '*', hasData: false }
50 silly addNameRange { name: 'method-override', range: '*', hasData: false }
51 silly addNameRange { name: 'request', range: '*', hasData: false }
52 silly addNameRange { name: 'lodash', range: '*', hasData: false }
53 verbose registry.get https://registry.npmjs.org/lodash not expired, no request
54 silly addNameRange number 2 { name: 'lodash', range: '*', hasData: true }
55 silly addNameRange versions [ 'lodash',
55 silly addNameRange   [ '0.1.0',
55 silly addNameRange     '0.2.0',
55 silly addNameRange     '0.2.1',
55 silly addNameRange     '0.2.2',
55 silly addNameRange     '0.3.0',
55 silly addNameRange     '0.3.1',
55 silly addNameRange     '0.3.2',
55 silly addNameRange     '0.4.0',
55 silly addNameRange     '0.4.1',
55 silly addNameRange     '0.4.2',
55 silly addNameRange     '0.5.0-rc.1',
55 silly addNameRange     '0.5.0',
55 silly addNameRange     '0.5.1',
55 silly addNameRange     '0.5.2',
55 silly addNameRange     '0.6.0',
55 silly addNameRange     '0.6.1',
55 silly addNameRange     '0.7.0',
55 silly addNameRange     '0.8.0',
55 silly addNameRange     '0.8.1',
55 silly addNameRange     '0.8.2',
55 silly addNameRange     '0.9.0',
55 silly addNameRange     '0.9.1',
55 silly addNameRange     '0.9.2',
55 silly addNameRange     '0.10.0',
55 silly addNameRange     '1.0.0-rc.1',
55 silly addNameRange     '1.0.0-rc.2',
55 silly addNameRange     '1.0.0-rc.3',
55 silly addNameRange     '1.0.0',
55 silly addNameRange     '1.0.1',
55 silly addNameRange     '1.1.0',
55 silly addNameRange     '1.1.1',
55 silly addNameRange     '1.2.0',
55 silly addNameRange     '1.2.1',
55 silly addNameRange     '1.3.0',
55 silly addNameRange     '1.3.1',
55 silly addNameRange     '2.0.0',
55 silly addNameRange     '2.1.0',
55 silly addNameRange     '2.2.0',
55 silly addNameRange     '2.2.1',
55 silly addNameRange     '2.3.0',
55 silly addNameRange     '2.4.0',
55 silly addNameRange     '2.4.1' ] ]
56 verbose addNamed [ 'lodash', '2.4.1' ]
57 verbose addNamed [ '2.4.1', '2.4.1' ]
58 silly lockFile 8502be2a-lodash-2-4-1 lodash@2.4.1
59 verbose lock lodash@2.4.1 /Users/juliolson/.npm/8502be2a-lodash-2-4-1.lock
60 silly lockFile 8502be2a-lodash-2-4-1 lodash@2.4.1
61 silly lockFile 8502be2a-lodash-2-4-1 lodash@2.4.1
62 silly lockFile f856e425-lodash lodash@
63 silly lockFile f856e425-lodash lodash@
64 verbose request where is /method-override
65 verbose request registry https://registry.npmjs.org/
66 verbose request id 6c55327a761a640e
67 verbose url raw /method-override
68 verbose url resolving [ 'https://registry.npmjs.org/', './method-override' ]
69 verbose url resolved https://registry.npmjs.org/method-override
70 verbose request where is https://registry.npmjs.org/method-override
71 info trying registry request attempt 1 at 13:12:45
72 verbose etag "ARSLRG3HPV6L40NZ27OSUG5GE"
73 http GET https://registry.npmjs.org/method-override
74 verbose request where is /express
75 verbose request registry https://registry.npmjs.org/
76 verbose url raw /express
77 verbose url resolving [ 'https://registry.npmjs.org/', './express' ]
78 verbose url resolved https://registry.npmjs.org/express
79 verbose request where is https://registry.npmjs.org/express
80 info trying registry request attempt 1 at 13:12:45
81 verbose etag "DJCYC4130H81RV6POOWE3UBMD"
82 http GET https://registry.npmjs.org/express
83 verbose request where is /request
84 verbose request registry https://registry.npmjs.org/
85 verbose url raw /request
86 verbose url resolving [ 'https://registry.npmjs.org/', './request' ]
87 verbose url resolved https://registry.npmjs.org/request
88 verbose request where is https://registry.npmjs.org/request
89 info trying registry request attempt 1 at 13:12:45
90 verbose etag "9578KK4M42WQQ6MEX0BXEJVP0"
91 http GET https://registry.npmjs.org/request
92 http 200 https://registry.npmjs.org/method-override
93 silly registry.get cb [ 200,
93 silly registry.get   { date: 'Thu, 18 Dec 2014 19:12:45 GMT',
93 silly registry.get     server: 'CouchDB/1.5.0 (Erlang OTP/R16B03)',
93 silly registry.get     etag: '"AK6QIVGBUW4U1X7FDGZTCJDI1"',
93 silly registry.get     'content-type': 'application/json',
93 silly registry.get     'cache-control': 'max-age=60',
93 silly registry.get     'content-length': '27243',
93 silly registry.get     'accept-ranges': 'bytes',
93 silly registry.get     via: '1.1 varnish',
93 silly registry.get     age: '36',
93 silly registry.get     'x-served-by': 'cache-dfw1820-DFW',
93 silly registry.get     'x-cache': 'HIT',
93 silly registry.get     'x-cache-hits': '1',
93 silly registry.get     'x-timer': 'S1418929965.924821,VS0,VE0',
93 silly registry.get     vary: 'Accept',
93 silly registry.get     'keep-alive': 'timeout=10, max=50',
93 silly registry.get     connection: 'Keep-Alive' } ]
94 silly addNameRange number 2 { name: 'method-override', range: '*', hasData: true }
95 silly addNameRange versions [ 'method-override',
95 silly addNameRange   [ '1.0.0',
95 silly addNameRange     '1.0.1',
95 silly addNameRange     '1.0.2',
95 silly addNameRange     '2.0.0',
95 silly addNameRange     '2.0.1',
95 silly addNameRange     '2.0.2',
95 silly addNameRange     '2.1.0',
95 silly addNameRange     '2.1.1',
95 silly addNameRange     '2.1.2',
95 silly addNameRange     '2.1.3',
95 silly addNameRange     '2.2.0',
95 silly addNameRange     '2.3.0' ] ]
96 verbose addNamed [ 'method-override', '2.3.0' ]
97 verbose addNamed [ '2.3.0', '2.3.0' ]
98 silly lockFile d0db1aff-method-override-2-3-0 method-override@2.3.0
99 verbose lock method-override@2.3.0 /Users/juliolson/.npm/d0db1aff-method-override-2-3-0.lock
100 silly lockFile d0db1aff-method-override-2-3-0 method-override@2.3.0
101 silly lockFile d0db1aff-method-override-2-3-0 method-override@2.3.0
102 silly lockFile dd70539b-method-override method-override@
103 silly lockFile dd70539b-method-override method-override@
104 http 200 https://registry.npmjs.org/request
105 silly registry.get cb [ 200,
105 silly registry.get   { date: 'Thu, 18 Dec 2014 19:12:45 GMT',
105 silly registry.get     server: 'CouchDB/1.5.0 (Erlang OTP/R16B03)',
105 silly registry.get     etag: '"YI9OE3FC9B6OJQ2VEJ6KMKQU"',
105 silly registry.get     'content-type': 'application/json',
105 silly registry.get     'cache-control': 'max-age=60',
105 silly registry.get     'content-length': '133025',
105 silly registry.get     'accept-ranges': 'bytes',
105 silly registry.get     via: '1.1 varnish',
105 silly registry.get     age: '3',
105 silly registry.get     'x-served-by': 'cache-dfw1823-DFW',
105 silly registry.get     'x-cache': 'HIT',
105 silly registry.get     'x-cache-hits': '1',
105 silly registry.get     'x-timer': 'S1418929965.953675,VS0,VE0',
105 silly registry.get     vary: 'Accept',
105 silly registry.get     'keep-alive': 'timeout=10, max=50',
105 silly registry.get     connection: 'Keep-Alive' } ]
106 silly addNameRange number 2 { name: 'request', range: '*', hasData: true }
107 silly addNameRange versions [ 'request',
107 silly addNameRange   [ '0.10.0',
107 silly addNameRange     '0.8.3',
107 silly addNameRange     '0.9.0',
107 silly addNameRange     '0.9.1',
107 silly addNameRange     '0.9.5',
107 silly addNameRange     '1.0.0',
107 silly addNameRange     '1.1.0',
107 silly addNameRange     '1.1.1',
107 silly addNameRange     '1.2.0',
107 silly addNameRange     '1.9.0',
107 silly addNameRange     '1.9.1',
107 silly addNameRange     '1.9.2',
107 silly addNameRange     '1.9.3',
107 silly addNameRange     '1.9.5',
107 silly addNameRange     '1.9.7',
107 silly addNameRange     '1.9.8',
107 silly addNameRange     '1.9.9',
107 silly addNameRange     '2.0.0',
107 silly addNameRange     '2.0.1',
107 silly addNameRange     '2.0.2',
107 silly addNameRange     '2.0.3',
107 silly addNameRange     '2.0.4',
107 silly addNameRange     '2.0.5',
107 silly addNameRange     '2.1.0',
107 silly addNameRange     '2.1.1',
107 silly addNameRange     '2.2.0',
107 silly addNameRange     '2.2.5',
107 silly addNameRange     '2.2.6',
107 silly addNameRange     '2.2.9',
107 silly addNameRange     '2.9.0',
107 silly addNameRange     '2.9.1',
107 silly addNameRange     '2.9.2',
107 silly addNameRange     '2.9.3',
107 silly addNameRange     '2.9.100',
107 silly addNameRange     '2.9.150',
107 silly addNameRange     '2.9.151',
107 silly addNameRange     '2.9.152',
107 silly addNameRange     '2.9.153',
107 silly addNameRange     '2.9.200',
107 silly addNameRange     '2.9.201',
107 silly addNameRange     '2.9.202',
107 silly addNameRange     '2.9.203',
107 silly addNameRange     '2.10.0',
107 silly addNameRange     '2.11.0',
107 silly addNameRange     '2.11.1',
107 silly addNameRange     '2.11.2',
107 silly addNameRange     '2.11.3',
107 silly addNameRange     '2.11.4',
107 silly addNameRange     '2.12.0',
107 silly addNameRange     '2.14.0',
107 silly addNameRange     '2.16.0',
107 silly addNameRange     '2.16.2',
107 silly addNameRange     '2.16.4',
107 silly addNameRange     '2.16.6',
107 silly addNameRange     '2.18.0',
107 silly addNameRange     '2.19.0',
107 silly addNameRange     '2.20.0',
107 silly addNameRange     '2.21.0',
107 silly addNameRange     '2.22.0',
107 silly addNameRange     '2.23.0',
107 silly addNameRange     '2.24.0',
107 silly addNameRange     '2.25.0',
107 silly addNameRange     '2.26.0',
107 silly addNameRange     '2.27.0',
107 silly addNameRange     '2.28.0',
107 silly addNameRange     '2.29.0',
107 silly addNameRange     '2.30.0',
107 silly addNameRange     '2.31.0',
107 silly addNameRange     '2.32.0',
107 silly addNameRange     '2.33.0',
107 silly addNameRange     '2.34.0',
107 silly addNameRange     '2.35.0',
107 silly addNameRange     '2.36.0',
107 silly addNameRange     '2.37.0',
107 silly addNameRange     '2.38.0',
107 silly addNameRange     '2.39.0',
107 silly addNameRange     '2.40.0',
107 silly addNameRange     '2.41.0',
107 silly addNameRange     '2.42.0',
107 silly addNameRange     '2.43.0',
107 silly addNameRange     '2.44.0',
107 silly addNameRange     '2.45.0',
107 silly addNameRange     '2.46.0',
107 silly addNameRange     '2.47.0',
107 silly addNameRange     '2.48.0',
107 silly addNameRange     '2.49.0',
107 silly addNameRange     '2.50.0',
107 silly addNameRange     '2.51.0' ] ]
108 verbose addNamed [ 'request', '2.51.0' ]
109 verbose addNamed [ '2.51.0', '2.51.0' ]
110 silly lockFile 85707acc-request-2-51-0 request@2.51.0
111 verbose lock request@2.51.0 /Users/juliolson/.npm/85707acc-request-2-51-0.lock
112 silly lockFile fcfd6969-s-org-request-request-2-51-0-tgz https://registry.npmjs.org/request/-/request-2.51.0.tgz
113 verbose lock https://registry.npmjs.org/request/-/request-2.51.0.tgz /Users/juliolson/.npm/fcfd6969-s-org-request-request-2-51-0-tgz.lock
114 verbose addRemoteTarball [ 'https://registry.npmjs.org/request/-/request-2.51.0.tgz',
114 verbose addRemoteTarball   '35d00bbecc012e55f907b1bd9e0dbd577bfef26e' ]
115 info retry fetch attempt 1 at 13:12:46
116 verbose fetch to= /var/folders/49/fn79vrgn3p10j_k2n03kzb640000gn/T/npm-15242-Pa2QWVLb/registry.npmjs.org/request/-/request-2.51.0.tgz
117 http GET https://registry.npmjs.org/request/-/request-2.51.0.tgz
118 http 200 https://registry.npmjs.org/express
119 silly registry.get cb [ 200,
119 silly registry.get   { date: 'Thu, 18 Dec 2014 19:12:45 GMT',
119 silly registry.get     server: 'CouchDB/1.5.0 (Erlang OTP/R16B03)',
119 silly registry.get     etag: '"40VQY3OLCDIHXALPBCO2W00J8"',
119 silly registry.get     'content-type': 'application/json',
119 silly registry.get     'cache-control': 'max-age=60',
119 silly registry.get     'content-length': '444503',
119 silly registry.get     'accept-ranges': 'bytes',
119 silly registry.get     via: '1.1 varnish',
119 silly registry.get     age: '17',
119 silly registry.get     'x-served-by': 'cache-dfw1820-DFW',
119 silly registry.get     'x-cache': 'HIT',
119 silly registry.get     'x-cache-hits': '1',
119 silly registry.get     'x-timer': 'S1418929965.949973,VS0,VE1',
119 silly registry.get     vary: 'Accept',
119 silly registry.get     'keep-alive': 'timeout=10, max=50',
119 silly registry.get     connection: 'Keep-Alive' } ]
120 http 200 https://registry.npmjs.org/request/-/request-2.51.0.tgz
121 silly addNameRange number 2 { name: 'express', range: '*', hasData: true }
122 silly addNameRange versions [ 'express',
122 silly addNameRange   [ '0.14.0',
122 silly addNameRange     '0.14.1',
122 silly addNameRange     '1.0.0',
122 silly addNameRange     '1.0.1',
122 silly addNameRange     '1.0.2',
122 silly addNameRange     '1.0.3',
122 silly addNameRange     '1.0.4',
122 silly addNameRange     '1.0.5',
122 silly addNameRange     '1.0.6',
122 silly addNameRange     '1.0.7',
122 silly addNameRange     '1.0.8',
122 silly addNameRange     '2.0.0',
122 silly addNameRange     '2.1.0',
122 silly addNameRange     '2.1.1',
122 silly addNameRange     '2.2.0',
122 silly addNameRange     '2.2.1',
122 silly addNameRange     '2.2.2',
122 silly addNameRange     '2.3.0',
122 silly addNameRange     '2.3.1',
122 silly addNameRange     '2.3.2',
122 silly addNameRange     '2.3.3',
122 silly addNameRange     '2.3.4',
122 silly addNameRange     '2.3.5',
122 silly addNameRange     '2.3.6',
122 silly addNameRange     '2.3.7',
122 silly addNameRange     '2.3.8',
122 silly addNameRange     '2.3.9',
122 silly addNameRange     '2.3.10',
122 silly addNameRange     '2.3.11',
122 silly addNameRange     '2.3.12',
122 silly addNameRange     '2.4.0',
122 silly addNameRange     '2.4.1',
122 silly addNameRange     '2.4.2',
122 silly addNameRange     '2.4.3',
122 silly addNameRange     '2.4.4',
122 silly addNameRange     '2.4.5',
122 silly addNameRange     '2.4.6',
122 silly addNameRange     '2.4.7',
122 silly addNameRange     '2.5.0',
122 silly addNameRange     '2.5.1',
122 silly addNameRange     '2.5.2',
122 silly addNameRange     '2.5.3',
122 silly addNameRange     '2.5.4',
122 silly addNameRange     '2.5.5',
122 silly addNameRange     '2.5.6',
122 silly addNameRange     '2.5.7',
122 silly addNameRange     '2.5.8',
122 silly addNameRange     '2.5.9',
122 silly addNameRange     '2.5.10',
122 silly addNameRange     '2.5.11',
122 silly addNameRange     '3.0.0',
122 silly addNameRange     '3.0.1',
122 silly addNameRange     '3.0.2',
122 silly addNameRange     '3.0.3',
122 silly addNameRange     '3.0.4',
122 silly addNameRange     '3.0.5',
122 silly addNameRange     '3.0.6',
122 silly addNameRange     '3.1.0',
122 silly addNameRange     '3.1.1',
122 silly addNameRange     '3.1.2',
122 silly addNameRange     '3.2.0',
122 silly addNameRange     '3.2.1',
122 silly addNameRange     '3.2.2',
122 silly addNameRange     '3.2.3',
122 silly addNameRange     '3.2.4',
122 silly addNameRange     '3.2.5',
122 silly addNameRange     '3.2.6',
122 silly addNameRange     '3.3.0',
122 silly addNameRange     '3.3.1',
122 silly addNameRange     '3.3.2',
122 silly addNameRange     '3.3.3',
122 silly addNameRange     '3.3.4',
122 silly addNameRange     '3.3.5',
122 silly addNameRange     '3.3.6',
122 silly addNameRange     '1.0.0-beta',
122 silly addNameRange     '1.0.0-beta2',
122 silly addNameRange     '1.0.0-rc',
122 silly addNameRange     '1.0.0-rc2',
122 silly addNameRange     '1.0.0-rc3',
122 silly addNameRange     '1.0.0-rc4',
122 silly addNameRange     '2.0.0-beta',
122 silly addNameRange     '2.0.0-beta2',
122 silly addNameRange     '2.0.0-beta3',
122 silly addNameRange     '2.0.0-rc',
122 silly addNameRange     '2.0.0-rc2',
122 silly addNameRange     '2.0.0-rc3',
122 silly addNameRange     '3.0.0-alpha1',
122 silly addNameRange     '3.0.0-alpha2',
122 silly addNameRange     '3.0.0-alpha3',
122 silly addNameRange     '3.0.0-alpha4',
122 silly addNameRange     '3.0.0-alpha5',
122 silly addNameRange     '3.0.0-beta1',
122 silly addNameRange     '3.0.0-beta2',
122 silly addNameRange     '3.0.0-beta3',
122 silly addNameRange     '3.0.0-beta4',
122 silly addNameRange     '3.0.0-beta6',
122 silly addNameRange     '3.0.0-beta7',
122 silly addNameRange     '3.0.0-rc1',
122 silly addNameRange     '3.0.0-rc2',
122 silly addNameRange     '3.0.0-rc3',
122 silly addNameRange     '3.0.0-rc4',
122 silly addNameRange     '3.0.0-rc5',
122 silly addNameRange     '3.3.7',
122 silly addNameRange     '3.3.8',
122 silly addNameRange     '3.4.0',
122 silly addNameRange     '3.4.1',
122 silly addNameRange     '3.4.2',
122 silly addNameRange     '3.4.3',
122 silly addNameRange     '3.4.4',
122 silly addNameRange     '3.4.5',
122 silly addNameRange     '3.4.6',
122 silly addNameRange     '3.4.7',
122 silly addNameRange     '3.4.8',
122 silly addNameRange     '4.0.0-rc1',
122 silly addNameRange     '4.0.0-rc2',
122 silly addNameRange     '3.5.0',
122 silly addNameRange     '4.0.0-rc3',
122 silly addNameRange     '4.0.0-rc4',
122 silly addNameRange     '3.5.1',
122 silly addNameRange     '4.0.0',
122 silly addNameRange     '3.5.2',
122 silly addNameRange     '4.1.0',
122 silly addNameRange     '4.1.1',
122 silly addNameRange     '3.5.3',
122 silly addNameRange     '4.1.2',
122 silly addNameRange     '3.6.0',
122 silly addNameRange     '4.2.0',
122 silly addNameRange     '3.7.0',
122 silly addNameRange     '3.8.0',
122 silly addNameRange     '4.3.0',
122 silly addNameRange     '4.3.1',
122 silly addNameRange     '3.8.1',
122 silly addNameRange     '4.3.2',
122 silly addNameRange     '3.9.0',
122 silly addNameRange     '4.4.0',
122 silly addNameRange     '4.4.1',
122 silly addNameRange     '3.10.0',
122 silly addNameRange     '3.10.1',
122 silly addNameRange     '3.10.2',
122 silly addNameRange     '3.10.3',
122 silly addNameRange     '3.10.4',
122 silly addNameRange     '4.4.2',
122 silly addNameRange     '3.10.5',
122 silly addNameRange     '4.4.3',
122 silly addNameRange     '3.11.0',
122 silly addNameRange     '4.4.4',
122 silly addNameRange     '3.12.0',
122 silly addNameRange     '3.12.1',
122 silly addNameRange     '4.4.5',
122 silly addNameRange     '3.13.0',
122 silly addNameRange     '4.5.0',
122 silly addNameRange     '4.5.1',
122 silly addNameRange     '3.14.0',
122 silly addNameRange     '4.6.0',
122 silly addNameRange     '4.6.1',
122 silly addNameRange     '3.15.0',
122 silly addNameRange     '4.7.0',
122 silly addNameRange     '3.15.1',
122 silly addNameRange     '4.7.1',
122 silly addNameRange     '3.15.2',
122 silly addNameRange     '4.7.2',
122 silly addNameRange     '4.7.3',
122 silly addNameRange     '3.15.3',
122 silly addNameRange     '4.7.4',
122 silly addNameRange     '3.16.0',
122 silly addNameRange     '4.8.0',
122 silly addNameRange     '3.16.1',
122 silly addNameRange     '4.8.1',
122 silly addNameRange     '3.16.2',
122 silly addNameRange     '4.8.2',
122 silly addNameRange     '3.16.3',
122 silly addNameRange     '3.16.4',
122 silly addNameRange     '4.8.3',
122 silly addNameRange     '3.16.5',
122 silly addNameRange     '3.16.6',
122 silly addNameRange     '4.8.4',
122 silly addNameRange     '3.16.7',
122 silly addNameRange     '4.8.5',
122 silly addNameRange     '3.16.8',
122 silly addNameRange     '4.8.6',
122 silly addNameRange     '3.16.9',
122 silly addNameRange     '4.8.7',
122 silly addNameRange     '3.16.10',
122 silly addNameRange     '4.8.8',
122 silly addNameRange     '3.17.0',
122 silly addNameRange     '3.17.1',
122 silly addNameRange     '4.9.0',
122 silly addNameRange     '3.17.2',
122 silly addNameRange     '4.9.1',
122 silly addNameRange     '4.9.2',
122 silly addNameRange     '3.17.3',
122 silly addNameRange     '4.9.3',
122 silly addNameRange     '3.17.4',
122 silly addNameRange     '4.9.4',
122 silly addNameRange     '3.17.5',
122 silly addNameRange     '4.9.5',
122 silly addNameRange     '3.17.6',
122 silly addNameRange     '3.17.7',
122 silly addNameRange     '4.9.6',
122 silly addNameRange     '4.9.7',
122 silly addNameRange     '3.17.8',
122 silly addNameRange     '4.9.8',
122 silly addNameRange     '3.18.0',
122 silly addNameRange     '3.18.1',
122 silly addNameRange     '4.10.0',
122 silly addNameRange     '3.18.2',
122 silly addNameRange     '4.10.1',
122 silly addNameRange     '5.0.0-alpha.1',
122 silly addNameRange     '3.18.3',
122 silly addNameRange     '4.10.2',
122 silly addNameRange     '3.18.4',
122 silly addNameRange     '4.10.3',
122 silly addNameRange     '4.10.4',
122 silly addNameRange     '4.10.5',
122 silly addNameRange     '3.18.5',
122 silly addNameRange     '3.18.6',
122 silly addNameRange     '4.10.6' ] ]
123 verbose addNamed [ 'express', '4.10.6' ]
124 verbose addNamed [ '4.10.6', '4.10.6' ]
125 silly lockFile e8f8e85c-express-4-10-6 express@4.10.6
126 verbose lock express@4.10.6 /Users/juliolson/.npm/e8f8e85c-express-4-10-6.lock
127 silly lockFile 51a1356c-s-org-express-express-4-10-6-tgz https://registry.npmjs.org/express/-/express-4.10.6.tgz
128 verbose lock https://registry.npmjs.org/express/-/express-4.10.6.tgz /Users/juliolson/.npm/51a1356c-s-org-express-express-4-10-6-tgz.lock
129 verbose addRemoteTarball [ 'https://registry.npmjs.org/express/-/express-4.10.6.tgz',
129 verbose addRemoteTarball   'a9015979ccf38b11a39c0f726dcf6c4b85a4e758' ]
130 info retry fetch attempt 1 at 13:12:46
131 verbose fetch to= /var/folders/49/fn79vrgn3p10j_k2n03kzb640000gn/T/npm-15242-Pa2QWVLb/registry.npmjs.org/express/-/express-4.10.6.tgz
132 http GET https://registry.npmjs.org/express/-/express-4.10.6.tgz
133 silly lockFile fcfd6969-s-org-request-request-2-51-0-tgz https://registry.npmjs.org/request/-/request-2.51.0.tgz
134 silly lockFile fcfd6969-s-org-request-request-2-51-0-tgz https://registry.npmjs.org/request/-/request-2.51.0.tgz
135 silly lockFile 85707acc-request-2-51-0 request@2.51.0
136 silly lockFile 85707acc-request-2-51-0 request@2.51.0
137 silly lockFile 9d461bcf-request request@
138 silly lockFile 9d461bcf-request request@
139 http 200 https://registry.npmjs.org/express/-/express-4.10.6.tgz
140 silly lockFile 51a1356c-s-org-express-express-4-10-6-tgz https://registry.npmjs.org/express/-/express-4.10.6.tgz
141 silly lockFile 51a1356c-s-org-express-express-4-10-6-tgz https://registry.npmjs.org/express/-/express-4.10.6.tgz
142 silly lockFile e8f8e85c-express-4-10-6 express@4.10.6
143 silly lockFile e8f8e85c-express-4-10-6 express@4.10.6
144 silly lockFile 64a534c1-express express@
145 silly lockFile 64a534c1-express express@
146 error Error: EACCES, mkdir '/Users/juliolson/.npm/request/2.51.0'
146 error  { [Error: EACCES, mkdir '/Users/juliolson/.npm/request/2.51.0']
146 error   errno: 3,
146 error   code: 'EACCES',
146 error   path: '/Users/juliolson/.npm/request/2.51.0',
146 error   parent: 'Portfolio' }
147 error Please try running this command again as root/Administrator.
148 error System Darwin 13.4.0
149 error command "node" "/usr/local/bin/npm" "install" "express" "method-override" "request" "lodash" "--save"
150 error cwd /Users/juliolson/Github Projects/Portfolio
151 error node -v v0.10.32
152 error npm -v 1.4.28
153 error path /Users/juliolson/.npm/request/2.51.0
154 error code EACCES
155 error errno 3
156 error stack Error: EACCES, mkdir '/Users/juliolson/.npm/request/2.51.0'
157 verbose exit [ 3, true ]
